07-Apr-2025 12:09:42.237 INFO [main] org.apache.catalina.startup.VersionLoggerListener.log Server version name:   Apache Tomcat/8.5.76
07-Apr-2025 12:09:42.238 INFO [main] org.apache.catalina.startup.VersionLoggerListener.log Server built:          Feb 23 2022 17:59:11 UTC
07-Apr-2025 12:09:42.238 INFO [main] org.apache.catalina.startup.VersionLoggerListener.log Server version number: 8.5.76.0
07-Apr-2025 12:09:42.238 INFO [main] org.apache.catalina.startup.VersionLoggerListener.log OS Name:               Linux
07-Apr-2025 12:09:42.238 INFO [main] org.apache.catalina.startup.VersionLoggerListener.log OS Version:            4.18.0-348.7.1.el8_5.x86_64
07-Apr-2025 12:09:42.238 INFO [main] org.apache.catalina.startup.VersionLoggerListener.log Architecture:          amd64
07-Apr-2025 12:09:42.238 INFO [main] org.apache.catalina.startup.VersionLoggerListener.log Java Home:             /usr/lib/jvm/java-1.8.0-openjdk-1.8.0.312.b07-2.el8_5.x86_64/jre
07-Apr-2025 12:09:42.238 INFO [main] org.apache.catalina.startup.VersionLoggerListener.log JVM Version:           1.8.0_312-b07
07-Apr-2025 12:09:42.238 INFO [main] org.apache.catalina.startup.VersionLoggerListener.log JVM Vendor:            Red Hat, Inc.
07-Apr-2025 12:09:42.238 INFO [main] org.apache.catalina.startup.VersionLoggerListener.log CATALINA_BASE:         /exportspg/mca28/Rajesh's code/SEM 2/java/Assignment 7
07-Apr-2025 12:09:42.238 INFO [main] org.apache.catalina.startup.VersionLoggerListener.log CATALINA_HOME:         /exportspg/mca28/Rajesh's code/SEM 2/java/Assignment 7
07-Apr-2025 12:09:42.238 INFO [main] org.apache.catalina.startup.VersionLoggerListener.log Command line argument: -Djava.util.logging.config.file=/exportspg/mca28/Rajesh's code/SEM 2/java/Assignment 7/conf/logging.properties
07-Apr-2025 12:09:42.239 INFO [main] org.apache.catalina.startup.VersionLoggerListener.log Command line argument: -Djava.util.logging.manager=org.apache.juli.ClassLoaderLogManager
07-Apr-2025 12:09:42.239 INFO [main] org.apache.catalina.startup.VersionLoggerListener.log Command line argument: -Djdk.tls.ephemeralDHKeySize=2048
07-Apr-2025 12:09:42.239 INFO [main] org.apache.catalina.startup.VersionLoggerListener.log Command line argument: -Djava.protocol.handler.pkgs=org.apache.catalina.webresources
07-Apr-2025 12:09:42.239 INFO [main] org.apache.catalina.startup.VersionLoggerListener.log Command line argument: -Dorg.apache.catalina.security.SecurityListener.UMASK=0027
07-Apr-2025 12:09:42.239 INFO [main] org.apache.catalina.startup.VersionLoggerListener.log Command line argument: -Dignore.endorsed.dirs=
07-Apr-2025 12:09:42.246 INFO [main] org.apache.catalina.startup.VersionLoggerListener.log Command line argument: -Dcatalina.base=/exportspg/mca28/Rajesh's code/SEM 2/java/Assignment 7
07-Apr-2025 12:09:42.247 INFO [main] org.apache.catalina.startup.VersionLoggerListener.log Command line argument: -Dcatalina.home=/exportspg/mca28/Rajesh's code/SEM 2/java/Assignment 7
07-Apr-2025 12:09:42.247 INFO [main] org.apache.catalina.startup.VersionLoggerListener.log Command line argument: -Djava.io.tmpdir=/exportspg/mca28/Rajesh's code/SEM 2/java/Assignment 7/temp
07-Apr-2025 12:09:42.247 INFO [main] org.apache.catalina.core.AprLifecycleListener.lifecycleEvent The Apache Tomcat Native library which allows using OpenSSL was not found on the java.library.path: [/usr/java/packages/lib/amd64:/usr/lib64:/lib64:/lib:/usr/lib]
07-Apr-2025 12:09:42.303 INFO [main] org.apache.coyote.AbstractProtocol.init Initializing ProtocolHandler ["http-nio-8080"]
07-Apr-2025 12:09:42.318 INFO [main] org.apache.catalina.startup.Catalina.load Initialization processed in 426 ms
07-Apr-2025 12:09:42.342 INFO [main] org.apache.catalina.core.StandardService.startInternal Starting service [Catalina]
07-Apr-2025 12:09:42.342 INFO [main] org.apache.catalina.core.StandardEngine.startInternal Starting Servlet engine: [Apache Tomcat/8.5.76]
07-Apr-2025 12:09:42.349 INFO [localhost-startStop-1] org.apache.catalina.startup.HostConfig.deployDirectory Deploying web application directory [/exportspg/mca28/Rajesh's code/SEM 2/java/Assignment 7/webapps/examples]
07-Apr-2025 12:09:42.935 INFO [localhost-startStop-1] org.apache.jasper.servlet.TldScanner.scanJars At least one JAR was scanned for TLDs yet contained no TLDs. Enable debug logging for this logger for a complete list of JARs that were scanned but no TLDs were found in them. Skipping unneeded JARs during scanning can improve startup time and JSP compilation time.
07-Apr-2025 12:09:43.022 INFO [localhost-startStop-1] org.apache.catalina.startup.HostConfig.deployDirectory Deployment of web application directory [/exportspg/mca28/Rajesh's code/SEM 2/java/Assignment 7/webapps/examples] has finished in [672] ms
07-Apr-2025 12:09:43.022 INFO [localhost-startStop-1] org.apache.catalina.startup.HostConfig.deployDirectory Deploying web application directory [/exportspg/mca28/Rajesh's code/SEM 2/java/Assignment 7/webapps/host-manager]
07-Apr-2025 12:09:43.125 INFO [localhost-startStop-1] org.apache.jasper.servlet.TldScanner.scanJars At least one JAR was scanned for TLDs yet contained no TLDs. Enable debug logging for this logger for a complete list of JARs that were scanned but no TLDs were found in them. Skipping unneeded JARs during scanning can improve startup time and JSP compilation time.
07-Apr-2025 12:09:43.128 INFO [localhost-startStop-1] org.apache.catalina.startup.HostConfig.deployDirectory Deployment of web application directory [/exportspg/mca28/Rajesh's code/SEM 2/java/Assignment 7/webapps/host-manager] has finished in [106] ms
07-Apr-2025 12:09:43.128 INFO [localhost-startStop-1] org.apache.catalina.startup.HostConfig.deployDirectory Deploying web application directory [/exportspg/mca28/Rajesh's code/SEM 2/java/Assignment 7/webapps/ROOT]
07-Apr-2025 12:09:43.223 INFO [localhost-startStop-1] org.apache.jasper.servlet.TldScanner.scanJars At least one JAR was scanned for TLDs yet contained no TLDs. Enable debug logging for this logger for a complete list of JARs that were scanned but no TLDs were found in them. Skipping unneeded JARs during scanning can improve startup time and JSP compilation time.
07-Apr-2025 12:09:43.225 INFO [localhost-startStop-1] org.apache.catalina.startup.HostConfig.deployDirectory Deployment of web application directory [/exportspg/mca28/Rajesh's code/SEM 2/java/Assignment 7/webapps/ROOT] has finished in [97] ms
07-Apr-2025 12:09:43.225 INFO [localhost-startStop-1] org.apache.catalina.startup.HostConfig.deployDirectory Deploying web application directory [/exportspg/mca28/Rajesh's code/SEM 2/java/Assignment 7/webapps/docs]
07-Apr-2025 12:09:43.326 INFO [localhost-startStop-1] org.apache.jasper.servlet.TldScanner.scanJars At least one JAR was scanned for TLDs yet contained no TLDs. Enable debug logging for this logger for a complete list of JARs that were scanned but no TLDs were found in them. Skipping unneeded JARs during scanning can improve startup time and JSP compilation time.
07-Apr-2025 12:09:43.328 INFO [localhost-startStop-1] org.apache.catalina.startup.HostConfig.deployDirectory Deployment of web application directory [/exportspg/mca28/Rajesh's code/SEM 2/java/Assignment 7/webapps/docs] has finished in [103] ms
07-Apr-2025 12:09:43.328 INFO [localhost-startStop-1] org.apache.catalina.startup.HostConfig.deployDirectory Deploying web application directory [/exportspg/mca28/Rajesh's code/SEM 2/java/Assignment 7/webapps/manager]
07-Apr-2025 12:09:43.443 INFO [localhost-startStop-1] org.apache.jasper.servlet.TldScanner.scanJars At least one JAR was scanned for TLDs yet contained no TLDs. Enable debug logging for this logger for a complete list of JARs that were scanned but no TLDs were found in them. Skipping unneeded JARs during scanning can improve startup time and JSP compilation time.
07-Apr-2025 12:09:43.446 INFO [localhost-startStop-1] org.apache.catalina.startup.HostConfig.deployDirectory Deployment of web application directory [/exportspg/mca28/Rajesh's code/SEM 2/java/Assignment 7/webapps/manager] has finished in [118] ms
07-Apr-2025 12:09:43.448 INFO [main] org.apache.coyote.AbstractProtocol.start Starting ProtocolHandler ["http-nio-8080"]
07-Apr-2025 12:09:43.454 INFO [main] org.apache.catalina.startup.Catalina.start Server startup in 1135 ms
