04-Apr-2025 12:46:30.213 INFO [main] org.apache.catalina.startup.VersionLoggerListener.log Server version name:   Apache Tomcat/8.5.76
04-Apr-2025 12:46:30.227 INFO [main] org.apache.catalina.startup.VersionLoggerListener.log Server built:          Feb 23 2022 17:59:11 UTC
04-Apr-2025 12:46:30.227 INFO [main] org.apache.catalina.startup.VersionLoggerListener.log Server version number: 8.5.76.0
04-Apr-2025 12:46:30.227 INFO [main] org.apache.catalina.startup.VersionLoggerListener.log OS Name:               Linux
04-Apr-2025 12:46:30.227 INFO [main] org.apache.catalina.startup.VersionLoggerListener.log OS Version:            4.18.0-348.7.1.el8_5.x86_64
04-Apr-2025 12:46:30.227 INFO [main] org.apache.catalina.startup.VersionLoggerListener.log Architecture:          amd64
04-Apr-2025 12:46:30.227 INFO [main] org.apache.catalina.startup.VersionLoggerListener.log Java Home:             /usr/lib/jvm/java-1.8.0-openjdk-1.8.0.312.b07-2.el8_5.x86_64/jre
04-Apr-2025 12:46:30.227 INFO [main] org.apache.catalina.startup.VersionLoggerListener.log JVM Version:           1.8.0_312-b07
04-Apr-2025 12:46:30.227 INFO [main] org.apache.catalina.startup.VersionLoggerListener.log JVM Vendor:            Red Hat, Inc.
04-Apr-2025 12:46:30.227 INFO [main] org.apache.catalina.startup.VersionLoggerListener.log CATALINA_BASE:         /exportspg/mca28/apache-tomcat-8.5.76
04-Apr-2025 12:46:30.227 INFO [main] org.apache.catalina.startup.VersionLoggerListener.log CATALINA_HOME:         /exportspg/mca28/apache-tomcat-8.5.76
04-Apr-2025 12:46:30.227 INFO [main] org.apache.catalina.startup.VersionLoggerListener.log Command line argument: -Djava.util.logging.config.file=/exportspg/mca28/apache-tomcat-8.5.76/conf/logging.properties
04-Apr-2025 12:46:30.228 INFO [main] org.apache.catalina.startup.VersionLoggerListener.log Command line argument: -Djava.util.logging.manager=org.apache.juli.ClassLoaderLogManager
04-Apr-2025 12:46:30.228 INFO [main] org.apache.catalina.startup.VersionLoggerListener.log Command line argument: -Djdk.tls.ephemeralDHKeySize=2048
04-Apr-2025 12:46:30.228 INFO [main] org.apache.catalina.startup.VersionLoggerListener.log Command line argument: -Djava.protocol.handler.pkgs=org.apache.catalina.webresources
04-Apr-2025 12:46:30.228 INFO [main] org.apache.catalina.startup.VersionLoggerListener.log Command line argument: -Dorg.apache.catalina.security.SecurityListener.UMASK=0027
04-Apr-2025 12:46:30.231 INFO [main] org.apache.catalina.startup.VersionLoggerListener.log Command line argument: -Dignore.endorsed.dirs=
04-Apr-2025 12:46:30.231 INFO [main] org.apache.catalina.startup.VersionLoggerListener.log Command line argument: -Dcatalina.base=/exportspg/mca28/apache-tomcat-8.5.76
04-Apr-2025 12:46:30.231 INFO [main] org.apache.catalina.startup.VersionLoggerListener.log Command line argument: -Dcatalina.home=/exportspg/mca28/apache-tomcat-8.5.76
04-Apr-2025 12:46:30.232 INFO [main] org.apache.catalina.startup.VersionLoggerListener.log Command line argument: -Djava.io.tmpdir=/exportspg/mca28/apache-tomcat-8.5.76/temp
04-Apr-2025 12:46:30.232 INFO [main] org.apache.catalina.core.AprLifecycleListener.lifecycleEvent The Apache Tomcat Native library which allows using OpenSSL was not found on the java.library.path: [/usr/java/packages/lib/amd64:/usr/lib64:/lib64:/lib:/usr/lib]
04-Apr-2025 12:46:30.311 INFO [main] org.apache.coyote.AbstractProtocol.init Initializing ProtocolHandler ["http-nio-8080"]
04-Apr-2025 12:46:30.320 INFO [main] org.apache.catalina.startup.Catalina.load Initialization processed in 516 ms
04-Apr-2025 12:46:30.338 INFO [main] org.apache.catalina.core.StandardService.startInternal Starting service [Catalina]
04-Apr-2025 12:46:30.338 INFO [main] org.apache.catalina.core.StandardEngine.startInternal Starting Servlet engine: [Apache Tomcat/8.5.76]
04-Apr-2025 12:46:30.349 INFO [localhost-startStop-1] org.apache.catalina.startup.HostConfig.deployDirectory Deploying web application directory [/exportspg/mca28/apache-tomcat-8.5.76/webapps/examples]
04-Apr-2025 12:46:30.676 INFO [localhost-startStop-1] org.apache.catalina.startup.HostConfig.deployDirectory Deployment of web application directory [/exportspg/mca28/apache-tomcat-8.5.76/webapps/examples] has finished in [327] ms
04-Apr-2025 12:46:30.677 INFO [localhost-startStop-1] org.apache.catalina.startup.HostConfig.deployDirectory Deploying web application directory [/exportspg/mca28/apache-tomcat-8.5.76/webapps/host-manager]
04-Apr-2025 12:46:30.692 INFO [localhost-startStop-1] org.apache.catalina.startup.HostConfig.deployDirectory Deployment of web application directory [/exportspg/mca28/apache-tomcat-8.5.76/webapps/host-manager] has finished in [15] ms
04-Apr-2025 12:46:30.692 INFO [localhost-startStop-1] org.apache.catalina.startup.HostConfig.deployDirectory Deploying web application directory [/exportspg/mca28/apache-tomcat-8.5.76/webapps/ROOT]
04-Apr-2025 12:46:30.700 INFO [localhost-startStop-1] org.apache.catalina.startup.HostConfig.deployDirectory Deployment of web application directory [/exportspg/mca28/apache-tomcat-8.5.76/webapps/ROOT] has finished in [8] ms
04-Apr-2025 12:46:30.700 INFO [localhost-startStop-1] org.apache.catalina.startup.HostConfig.deployDirectory Deploying web application directory [/exportspg/mca28/apache-tomcat-8.5.76/webapps/docs]
04-Apr-2025 12:46:30.709 INFO [localhost-startStop-1] org.apache.catalina.startup.HostConfig.deployDirectory Deployment of web application directory [/exportspg/mca28/apache-tomcat-8.5.76/webapps/docs] has finished in [9] ms
04-Apr-2025 12:46:30.709 INFO [localhost-startStop-1] org.apache.catalina.startup.HostConfig.deployDirectory Deploying web application directory [/exportspg/mca28/apache-tomcat-8.5.76/webapps/manager]
04-Apr-2025 12:46:30.722 INFO [localhost-startStop-1] org.apache.catalina.startup.HostConfig.deployDirectory Deployment of web application directory [/exportspg/mca28/apache-tomcat-8.5.76/webapps/manager] has finished in [13] ms
04-Apr-2025 12:46:30.723 INFO [main] org.apache.coyote.AbstractProtocol.start Starting ProtocolHandler ["http-nio-8080"]
04-Apr-2025 12:46:30.729 INFO [main] org.apache.catalina.startup.Catalina.start Server startup in 408 ms
04-Apr-2025 12:51:13.584 INFO [main] org.apache.catalina.startup.VersionLoggerListener.log Server version name:   Apache Tomcat/8.5.76
04-Apr-2025 12:51:13.585 INFO [main] org.apache.catalina.startup.VersionLoggerListener.log Server built:          Feb 23 2022 17:59:11 UTC
04-Apr-2025 12:51:13.585 INFO [main] org.apache.catalina.startup.VersionLoggerListener.log Server version number: 8.5.76.0
04-Apr-2025 12:51:13.585 INFO [main] org.apache.catalina.startup.VersionLoggerListener.log OS Name:               Linux
04-Apr-2025 12:51:13.585 INFO [main] org.apache.catalina.startup.VersionLoggerListener.log OS Version:            4.18.0-348.7.1.el8_5.x86_64
04-Apr-2025 12:51:13.585 INFO [main] org.apache.catalina.startup.VersionLoggerListener.log Architecture:          amd64
04-Apr-2025 12:51:13.585 INFO [main] org.apache.catalina.startup.VersionLoggerListener.log Java Home:             /usr/lib/jvm/java-1.8.0-openjdk-1.8.0.312.b07-2.el8_5.x86_64/jre
04-Apr-2025 12:51:13.585 INFO [main] org.apache.catalina.startup.VersionLoggerListener.log JVM Version:           1.8.0_312-b07
04-Apr-2025 12:51:13.585 INFO [main] org.apache.catalina.startup.VersionLoggerListener.log JVM Vendor:            Red Hat, Inc.
04-Apr-2025 12:51:13.585 INFO [main] org.apache.catalina.startup.VersionLoggerListener.log CATALINA_BASE:         /exportspg/mca28/apache-tomcat-8.5.76
04-Apr-2025 12:51:13.585 INFO [main] org.apache.catalina.startup.VersionLoggerListener.log CATALINA_HOME:         /exportspg/mca28/apache-tomcat-8.5.76
04-Apr-2025 12:51:13.585 INFO [main] org.apache.catalina.startup.VersionLoggerListener.log Command line argument: -Djava.util.logging.config.file=/exportspg/mca28/apache-tomcat-8.5.76/conf/logging.properties
04-Apr-2025 12:51:13.586 INFO [main] org.apache.catalina.startup.VersionLoggerListener.log Command line argument: -Djava.util.logging.manager=org.apache.juli.ClassLoaderLogManager
04-Apr-2025 12:51:13.586 INFO [main] org.apache.catalina.startup.VersionLoggerListener.log Command line argument: -Djdk.tls.ephemeralDHKeySize=2048
04-Apr-2025 12:51:13.586 INFO [main] org.apache.catalina.startup.VersionLoggerListener.log Command line argument: -Djava.protocol.handler.pkgs=org.apache.catalina.webresources
04-Apr-2025 12:51:13.586 INFO [main] org.apache.catalina.startup.VersionLoggerListener.log Command line argument: -Dorg.apache.catalina.security.SecurityListener.UMASK=0027
04-Apr-2025 12:51:13.589 INFO [main] org.apache.catalina.startup.VersionLoggerListener.log Command line argument: -Dignore.endorsed.dirs=
04-Apr-2025 12:51:13.589 INFO [main] org.apache.catalina.startup.VersionLoggerListener.log Command line argument: -Dcatalina.base=/exportspg/mca28/apache-tomcat-8.5.76
04-Apr-2025 12:51:13.589 INFO [main] org.apache.catalina.startup.VersionLoggerListener.log Command line argument: -Dcatalina.home=/exportspg/mca28/apache-tomcat-8.5.76
04-Apr-2025 12:51:13.589 INFO [main] org.apache.catalina.startup.VersionLoggerListener.log Command line argument: -Djava.io.tmpdir=/exportspg/mca28/apache-tomcat-8.5.76/temp
04-Apr-2025 12:51:13.590 INFO [main] org.apache.catalina.core.AprLifecycleListener.lifecycleEvent The Apache Tomcat Native library which allows using OpenSSL was not found on the java.library.path: [/usr/java/packages/lib/amd64:/usr/lib64:/lib64:/lib:/usr/lib]
04-Apr-2025 12:51:13.619 INFO [main] org.apache.coyote.AbstractProtocol.init Initializing ProtocolHandler ["http-nio-8080"]
04-Apr-2025 12:51:13.623 SEVERE [main] org.apache.catalina.core.StandardService.initInternal Failed to initialize connector [Connector[HTTP/1.1-8080]]
	org.apache.catalina.LifecycleException: Protocol handler initialization failed
		at org.apache.catalina.connector.Connector.initInternal(Connector.java:1114)
		at org.apache.catalina.util.LifecycleBase.init(LifecycleBase.java:136)
		at org.apache.catalina.core.StandardService.initInternal(StandardService.java:571)
		at org.apache.catalina.util.LifecycleBase.init(LifecycleBase.java:136)
		at org.apache.catalina.core.StandardServer.initInternal(StandardServer.java:874)
		at org.apache.catalina.util.LifecycleBase.init(LifecycleBase.java:136)
		at org.apache.catalina.startup.Catalina.load(Catalina.java:646)
		at org.apache.catalina.startup.Catalina.load(Catalina.java:669)
		at sun.reflect.NativeMethodAccessorImpl.invoke0(Native Method)
		at sun.reflect.NativeMethodAccessorImpl.invoke(NativeMethodAccessorImpl.java:62)
		at sun.reflect.DelegatingMethodAccessorImpl.invoke(DelegatingMethodAccessorImpl.java:43)
		at java.lang.reflect.Method.invoke(Method.java:498)
		at org.apache.catalina.startup.Bootstrap.load(Bootstrap.java:305)
		at org.apache.catalina.startup.Bootstrap.main(Bootstrap.java:475)
	Caused by: java.net.BindException: Address already in use
		at sun.nio.ch.Net.bind0(Native Method)
		at sun.nio.ch.Net.bind(Net.java:461)
		at sun.nio.ch.Net.bind(Net.java:453)
		at sun.nio.ch.ServerSocketChannelImpl.bind(ServerSocketChannelImpl.java:222)
		at sun.nio.ch.ServerSocketAdaptor.bind(ServerSocketAdaptor.java:85)
		at org.apache.tomcat.util.net.NioEndpoint.initServerSocket(NioEndpoint.java:224)
		at org.apache.tomcat.util.net.NioEndpoint.bind(NioEndpoint.java:200)
		at org.apache.tomcat.util.net.AbstractEndpoint.bindWithCleanup(AbstractEndpoint.java:1221)
		at org.apache.tomcat.util.net.AbstractEndpoint.init(AbstractEndpoint.java:1234)
		at org.apache.tomcat.util.net.AbstractJsseEndpoint.init(AbstractJsseEndpoint.java:222)
		at org.apache.coyote.AbstractProtocol.init(AbstractProtocol.java:633)
		at org.apache.coyote.http11.AbstractHttp11Protocol.init(AbstractHttp11Protocol.java:80)
		at org.apache.catalina.connector.Connector.initInternal(Connector.java:1111)
		... 13 more
04-Apr-2025 12:51:13.625 INFO [main] org.apache.catalina.startup.Catalina.load Initialization processed in 219 ms
04-Apr-2025 12:51:13.637 INFO [main] org.apache.catalina.core.StandardService.startInternal Starting service [Catalina]
04-Apr-2025 12:51:13.637 INFO [main] org.apache.catalina.core.StandardEngine.startInternal Starting Servlet engine: [Apache Tomcat/8.5.76]
04-Apr-2025 12:51:13.642 INFO [localhost-startStop-1] org.apache.catalina.startup.HostConfig.deployDirectory Deploying web application directory [/exportspg/mca28/apache-tomcat-8.5.76/webapps/examples]
04-Apr-2025 12:51:13.930 INFO [localhost-startStop-1] org.apache.catalina.startup.HostConfig.deployDirectory Deployment of web application directory [/exportspg/mca28/apache-tomcat-8.5.76/webapps/examples] has finished in [289] ms
04-Apr-2025 12:51:13.930 INFO [localhost-startStop-1] org.apache.catalina.startup.HostConfig.deployDirectory Deploying web application directory [/exportspg/mca28/apache-tomcat-8.5.76/webapps/host-manager]
04-Apr-2025 12:51:13.944 INFO [localhost-startStop-1] org.apache.catalina.startup.HostConfig.deployDirectory Deployment of web application directory [/exportspg/mca28/apache-tomcat-8.5.76/webapps/host-manager] has finished in [14] ms
04-Apr-2025 12:51:13.944 INFO [localhost-startStop-1] org.apache.catalina.startup.HostConfig.deployDirectory Deploying web application directory [/exportspg/mca28/apache-tomcat-8.5.76/webapps/ROOT]
04-Apr-2025 12:51:13.951 INFO [localhost-startStop-1] org.apache.catalina.startup.HostConfig.deployDirectory Deployment of web application directory [/exportspg/mca28/apache-tomcat-8.5.76/webapps/ROOT] has finished in [7] ms
04-Apr-2025 12:51:13.952 INFO [localhost-startStop-1] org.apache.catalina.startup.HostConfig.deployDirectory Deploying web application directory [/exportspg/mca28/apache-tomcat-8.5.76/webapps/docs]
04-Apr-2025 12:51:13.958 INFO [localhost-startStop-1] org.apache.catalina.startup.HostConfig.deployDirectory Deployment of web application directory [/exportspg/mca28/apache-tomcat-8.5.76/webapps/docs] has finished in [6] ms
04-Apr-2025 12:51:13.959 INFO [localhost-startStop-1] org.apache.catalina.startup.HostConfig.deployDirectory Deploying web application directory [/exportspg/mca28/apache-tomcat-8.5.76/webapps/manager]
04-Apr-2025 12:51:13.970 INFO [localhost-startStop-1] org.apache.catalina.startup.HostConfig.deployDirectory Deployment of web application directory [/exportspg/mca28/apache-tomcat-8.5.76/webapps/manager] has finished in [12] ms
04-Apr-2025 12:51:13.972 INFO [main] org.apache.catalina.startup.Catalina.start Server startup in 347 ms
04-Apr-2025 12:51:13.972 SEVERE [main] org.apache.catalina.core.StandardServer.await Failed to create server shutdown socket on address [localhost] and port [8005] (base port [8005] and offset [0])
	java.net.BindException: Address already in use (Bind failed)
		at java.net.PlainSocketImpl.socketBind(Native Method)
		at java.net.AbstractPlainSocketImpl.bind(AbstractPlainSocketImpl.java:387)
		at java.net.ServerSocket.bind(ServerSocket.java:390)
		at java.net.ServerSocket.<init>(ServerSocket.java:252)
		at org.apache.catalina.core.StandardServer.await(StandardServer.java:446)
		at org.apache.catalina.startup.Catalina.await(Catalina.java:783)
		at org.apache.catalina.startup.Catalina.start(Catalina.java:729)
		at sun.reflect.NativeMethodAccessorImpl.invoke0(Native Method)
		at sun.reflect.NativeMethodAccessorImpl.invoke(NativeMethodAccessorImpl.java:62)
		at sun.reflect.DelegatingMethodAccessorImpl.invoke(DelegatingMethodAccessorImpl.java:43)
		at java.lang.reflect.Method.invoke(Method.java:498)
		at org.apache.catalina.startup.Bootstrap.start(Bootstrap.java:345)
		at org.apache.catalina.startup.Bootstrap.main(Bootstrap.java:476)
04-Apr-2025 12:51:13.973 INFO [main] org.apache.coyote.AbstractProtocol.pause Pausing ProtocolHandler ["http-nio-8080"]
04-Apr-2025 12:51:13.973 INFO [main] org.apache.catalina.core.StandardService.stopInternal Stopping service [Catalina]
04-Apr-2025 12:51:13.981 INFO [main] org.apache.coyote.AbstractProtocol.stop Stopping ProtocolHandler ["http-nio-8080"]
04-Apr-2025 12:51:13.981 INFO [main] org.apache.coyote.AbstractProtocol.destroy Destroying ProtocolHandler ["http-nio-8080"]
04-Apr-2025 12:51:23.087 INFO [main] org.apache.catalina.core.StandardServer.await A valid shutdown command was received via the shutdown port. Stopping the Server instance.
04-Apr-2025 12:51:23.087 INFO [main] org.apache.coyote.AbstractProtocol.pause Pausing ProtocolHandler ["http-nio-8080"]
04-Apr-2025 12:51:23.088 INFO [main] org.apache.catalina.core.StandardService.stopInternal Stopping service [Catalina]
04-Apr-2025 12:51:23.097 INFO [main] org.apache.coyote.AbstractProtocol.stop Stopping ProtocolHandler ["http-nio-8080"]
04-Apr-2025 12:51:23.099 INFO [main] org.apache.coyote.AbstractProtocol.destroy Destroying ProtocolHandler ["http-nio-8080"]
04-Apr-2025 12:51:25.302 INFO [main] org.apache.catalina.startup.VersionLoggerListener.log Server version name:   Apache Tomcat/8.5.76
04-Apr-2025 12:51:25.303 INFO [main] org.apache.catalina.startup.VersionLoggerListener.log Server built:          Feb 23 2022 17:59:11 UTC
04-Apr-2025 12:51:25.303 INFO [main] org.apache.catalina.startup.VersionLoggerListener.log Server version number: 8.5.76.0
04-Apr-2025 12:51:25.303 INFO [main] org.apache.catalina.startup.VersionLoggerListener.log OS Name:               Linux
04-Apr-2025 12:51:25.303 INFO [main] org.apache.catalina.startup.VersionLoggerListener.log OS Version:            4.18.0-348.7.1.el8_5.x86_64
04-Apr-2025 12:51:25.303 INFO [main] org.apache.catalina.startup.VersionLoggerListener.log Architecture:          amd64
04-Apr-2025 12:51:25.303 INFO [main] org.apache.catalina.startup.VersionLoggerListener.log Java Home:             /usr/lib/jvm/java-1.8.0-openjdk-1.8.0.312.b07-2.el8_5.x86_64/jre
04-Apr-2025 12:51:25.303 INFO [main] org.apache.catalina.startup.VersionLoggerListener.log JVM Version:           1.8.0_312-b07
04-Apr-2025 12:51:25.303 INFO [main] org.apache.catalina.startup.VersionLoggerListener.log JVM Vendor:            Red Hat, Inc.
04-Apr-2025 12:51:25.303 INFO [main] org.apache.catalina.startup.VersionLoggerListener.log CATALINA_BASE:         /exportspg/mca28/apache-tomcat-8.5.76
04-Apr-2025 12:51:25.303 INFO [main] org.apache.catalina.startup.VersionLoggerListener.log CATALINA_HOME:         /exportspg/mca28/apache-tomcat-8.5.76
04-Apr-2025 12:51:25.303 INFO [main] org.apache.catalina.startup.VersionLoggerListener.log Command line argument: -Djava.util.logging.config.file=/exportspg/mca28/apache-tomcat-8.5.76/conf/logging.properties
04-Apr-2025 12:51:25.303 INFO [main] org.apache.catalina.startup.VersionLoggerListener.log Command line argument: -Djava.util.logging.manager=org.apache.juli.ClassLoaderLogManager
04-Apr-2025 12:51:25.303 INFO [main] org.apache.catalina.startup.VersionLoggerListener.log Command line argument: -Djdk.tls.ephemeralDHKeySize=2048
04-Apr-2025 12:51:25.303 INFO [main] org.apache.catalina.startup.VersionLoggerListener.log Command line argument: -Djava.protocol.handler.pkgs=org.apache.catalina.webresources
04-Apr-2025 12:51:25.303 INFO [main] org.apache.catalina.startup.VersionLoggerListener.log Command line argument: -Dorg.apache.catalina.security.SecurityListener.UMASK=0027
04-Apr-2025 12:51:25.303 INFO [main] org.apache.catalina.startup.VersionLoggerListener.log Command line argument: -Dignore.endorsed.dirs=
04-Apr-2025 12:51:25.303 INFO [main] org.apache.catalina.startup.VersionLoggerListener.log Command line argument: -Dcatalina.base=/exportspg/mca28/apache-tomcat-8.5.76
04-Apr-2025 12:51:25.303 INFO [main] org.apache.catalina.startup.VersionLoggerListener.log Command line argument: -Dcatalina.home=/exportspg/mca28/apache-tomcat-8.5.76
04-Apr-2025 12:51:25.307 INFO [main] org.apache.catalina.startup.VersionLoggerListener.log Command line argument: -Djava.io.tmpdir=/exportspg/mca28/apache-tomcat-8.5.76/temp
04-Apr-2025 12:51:25.307 INFO [main] org.apache.catalina.core.AprLifecycleListener.lifecycleEvent The Apache Tomcat Native library which allows using OpenSSL was not found on the java.library.path: [/usr/java/packages/lib/amd64:/usr/lib64:/lib64:/lib:/usr/lib]
04-Apr-2025 12:51:25.336 INFO [main] org.apache.coyote.AbstractProtocol.init Initializing ProtocolHandler ["http-nio-8080"]
04-Apr-2025 12:51:25.344 INFO [main] org.apache.catalina.startup.Catalina.load Initialization processed in 217 ms
04-Apr-2025 12:51:25.355 INFO [main] org.apache.catalina.core.StandardService.startInternal Starting service [Catalina]
04-Apr-2025 12:51:25.355 INFO [main] org.apache.catalina.core.StandardEngine.startInternal Starting Servlet engine: [Apache Tomcat/8.5.76]
04-Apr-2025 12:51:25.361 INFO [localhost-startStop-1] org.apache.catalina.startup.HostConfig.deployDirectory Deploying web application directory [/exportspg/mca28/apache-tomcat-8.5.76/webapps/examples]
04-Apr-2025 12:51:25.585 INFO [localhost-startStop-1] org.apache.catalina.startup.HostConfig.deployDirectory Deployment of web application directory [/exportspg/mca28/apache-tomcat-8.5.76/webapps/examples] has finished in [225] ms
04-Apr-2025 12:51:25.586 INFO [localhost-startStop-1] org.apache.catalina.startup.HostConfig.deployDirectory Deploying web application directory [/exportspg/mca28/apache-tomcat-8.5.76/webapps/host-manager]
04-Apr-2025 12:51:25.597 INFO [localhost-startStop-1] org.apache.catalina.startup.HostConfig.deployDirectory Deployment of web application directory [/exportspg/mca28/apache-tomcat-8.5.76/webapps/host-manager] has finished in [11] ms
04-Apr-2025 12:51:25.597 INFO [localhost-startStop-1] org.apache.catalina.startup.HostConfig.deployDirectory Deploying web application directory [/exportspg/mca28/apache-tomcat-8.5.76/webapps/ROOT]
04-Apr-2025 12:51:25.604 INFO [localhost-startStop-1] org.apache.catalina.startup.HostConfig.deployDirectory Deployment of web application directory [/exportspg/mca28/apache-tomcat-8.5.76/webapps/ROOT] has finished in [6] ms
04-Apr-2025 12:51:25.604 INFO [localhost-startStop-1] org.apache.catalina.startup.HostConfig.deployDirectory Deploying web application directory [/exportspg/mca28/apache-tomcat-8.5.76/webapps/docs]
04-Apr-2025 12:51:25.609 INFO [localhost-startStop-1] org.apache.catalina.startup.HostConfig.deployDirectory Deployment of web application directory [/exportspg/mca28/apache-tomcat-8.5.76/webapps/docs] has finished in [5] ms
04-Apr-2025 12:51:25.609 INFO [localhost-startStop-1] org.apache.catalina.startup.HostConfig.deployDirectory Deploying web application directory [/exportspg/mca28/apache-tomcat-8.5.76/webapps/manager]
04-Apr-2025 12:51:25.617 INFO [localhost-startStop-1] org.apache.catalina.startup.HostConfig.deployDirectory Deployment of web application directory [/exportspg/mca28/apache-tomcat-8.5.76/webapps/manager] has finished in [8] ms
04-Apr-2025 12:51:25.618 INFO [main] org.apache.coyote.AbstractProtocol.start Starting ProtocolHandler ["http-nio-8080"]
04-Apr-2025 12:51:25.623 INFO [main] org.apache.catalina.startup.Catalina.start Server startup in 279 ms
04-Apr-2025 14:19:18.111 INFO [main] org.apache.catalina.startup.VersionLoggerListener.log Server version name:   Apache Tomcat/8.5.76
04-Apr-2025 14:19:18.124 INFO [main] org.apache.catalina.startup.VersionLoggerListener.log Server built:          Feb 23 2022 17:59:11 UTC
04-Apr-2025 14:19:18.124 INFO [main] org.apache.catalina.startup.VersionLoggerListener.log Server version number: 8.5.76.0
04-Apr-2025 14:19:18.124 INFO [main] org.apache.catalina.startup.VersionLoggerListener.log OS Name:               Linux
04-Apr-2025 14:19:18.124 INFO [main] org.apache.catalina.startup.VersionLoggerListener.log OS Version:            4.18.0-348.7.1.el8_5.x86_64
04-Apr-2025 14:19:18.124 INFO [main] org.apache.catalina.startup.VersionLoggerListener.log Architecture:          amd64
04-Apr-2025 14:19:18.125 INFO [main] org.apache.catalina.startup.VersionLoggerListener.log Java Home:             /usr/lib/jvm/java-1.8.0-openjdk-1.8.0.312.b07-2.el8_5.x86_64/jre
04-Apr-2025 14:19:18.125 INFO [main] org.apache.catalina.startup.VersionLoggerListener.log JVM Version:           1.8.0_312-b07
04-Apr-2025 14:19:18.125 INFO [main] org.apache.catalina.startup.VersionLoggerListener.log JVM Vendor:            Red Hat, Inc.
04-Apr-2025 14:19:18.125 INFO [main] org.apache.catalina.startup.VersionLoggerListener.log CATALINA_BASE:         /exportspg/mca28/apache-tomcat-8.5.76
04-Apr-2025 14:19:18.125 INFO [main] org.apache.catalina.startup.VersionLoggerListener.log CATALINA_HOME:         /exportspg/mca28/apache-tomcat-8.5.76
04-Apr-2025 14:19:18.125 INFO [main] org.apache.catalina.startup.VersionLoggerListener.log Command line argument: -Djava.util.logging.config.file=/exportspg/mca28/apache-tomcat-8.5.76/conf/logging.properties
04-Apr-2025 14:19:18.125 INFO [main] org.apache.catalina.startup.VersionLoggerListener.log Command line argument: -Djava.util.logging.manager=org.apache.juli.ClassLoaderLogManager
04-Apr-2025 14:19:18.125 INFO [main] org.apache.catalina.startup.VersionLoggerListener.log Command line argument: -Djdk.tls.ephemeralDHKeySize=2048
04-Apr-2025 14:19:18.125 INFO [main] org.apache.catalina.startup.VersionLoggerListener.log Command line argument: -Djava.protocol.handler.pkgs=org.apache.catalina.webresources
04-Apr-2025 14:19:18.125 INFO [main] org.apache.catalina.startup.VersionLoggerListener.log Command line argument: -Dorg.apache.catalina.security.SecurityListener.UMASK=0027
04-Apr-2025 14:19:18.125 INFO [main] org.apache.catalina.startup.VersionLoggerListener.log Command line argument: -Dignore.endorsed.dirs=
04-Apr-2025 14:19:18.125 INFO [main] org.apache.catalina.startup.VersionLoggerListener.log Command line argument: -Dcatalina.base=/exportspg/mca28/apache-tomcat-8.5.76
04-Apr-2025 14:19:18.125 INFO [main] org.apache.catalina.startup.VersionLoggerListener.log Command line argument: -Dcatalina.home=/exportspg/mca28/apache-tomcat-8.5.76
04-Apr-2025 14:19:18.125 INFO [main] org.apache.catalina.startup.VersionLoggerListener.log Command line argument: -Djava.io.tmpdir=/exportspg/mca28/apache-tomcat-8.5.76/temp
04-Apr-2025 14:19:18.125 INFO [main] org.apache.catalina.core.AprLifecycleListener.lifecycleEvent The Apache Tomcat Native library which allows using OpenSSL was not found on the java.library.path: [/usr/java/packages/lib/amd64:/usr/lib64:/lib64:/lib:/usr/lib]
04-Apr-2025 14:19:18.220 INFO [main] org.apache.coyote.AbstractProtocol.init Initializing ProtocolHandler ["http-nio-8080"]
04-Apr-2025 14:19:18.231 INFO [main] org.apache.catalina.startup.Catalina.load Initialization processed in 549 ms
04-Apr-2025 14:19:18.251 INFO [main] org.apache.catalina.core.StandardService.startInternal Starting service [Catalina]
04-Apr-2025 14:19:18.251 INFO [main] org.apache.catalina.core.StandardEngine.startInternal Starting Servlet engine: [Apache Tomcat/8.5.76]
04-Apr-2025 14:19:18.263 INFO [localhost-startStop-1] org.apache.catalina.startup.HostConfig.deployDirectory Deploying web application directory [/exportspg/mca28/apache-tomcat-8.5.76/webapps/examples]
04-Apr-2025 14:19:18.707 INFO [localhost-startStop-1] org.apache.catalina.startup.HostConfig.deployDirectory Deployment of web application directory [/exportspg/mca28/apache-tomcat-8.5.76/webapps/examples] has finished in [444] ms
04-Apr-2025 14:19:18.707 INFO [localhost-startStop-1] org.apache.catalina.startup.HostConfig.deployDirectory Deploying web application directory [/exportspg/mca28/apache-tomcat-8.5.76/webapps/host-manager]
04-Apr-2025 14:19:18.732 INFO [localhost-startStop-1] org.apache.catalina.startup.HostConfig.deployDirectory Deployment of web application directory [/exportspg/mca28/apache-tomcat-8.5.76/webapps/host-manager] has finished in [24] ms
04-Apr-2025 14:19:18.732 INFO [localhost-startStop-1] org.apache.catalina.startup.HostConfig.deployDirectory Deploying web application directory [/exportspg/mca28/apache-tomcat-8.5.76/webapps/ROOT]
04-Apr-2025 14:19:18.745 INFO [localhost-startStop-1] org.apache.catalina.startup.HostConfig.deployDirectory Deployment of web application directory [/exportspg/mca28/apache-tomcat-8.5.76/webapps/ROOT] has finished in [13] ms
04-Apr-2025 14:19:18.745 INFO [localhost-startStop-1] org.apache.catalina.startup.HostConfig.deployDirectory Deploying web application directory [/exportspg/mca28/apache-tomcat-8.5.76/webapps/docs]
04-Apr-2025 14:19:18.758 INFO [localhost-startStop-1] org.apache.catalina.startup.HostConfig.deployDirectory Deployment of web application directory [/exportspg/mca28/apache-tomcat-8.5.76/webapps/docs] has finished in [13] ms
04-Apr-2025 14:19:18.759 INFO [localhost-startStop-1] org.apache.catalina.startup.HostConfig.deployDirectory Deploying web application directory [/exportspg/mca28/apache-tomcat-8.5.76/webapps/manager]
04-Apr-2025 14:19:18.780 INFO [localhost-startStop-1] org.apache.catalina.startup.HostConfig.deployDirectory Deployment of web application directory [/exportspg/mca28/apache-tomcat-8.5.76/webapps/manager] has finished in [21] ms
04-Apr-2025 14:19:18.782 INFO [main] org.apache.coyote.AbstractProtocol.start Starting ProtocolHandler ["http-nio-8080"]
04-Apr-2025 14:19:18.787 INFO [main] org.apache.catalina.startup.Catalina.start Server startup in 555 ms
04-Apr-2025 14:53:18.886 INFO [main] org.apache.catalina.startup.VersionLoggerListener.log Server version name:   Apache Tomcat/8.5.76
04-Apr-2025 14:53:18.899 INFO [main] org.apache.catalina.startup.VersionLoggerListener.log Server built:          Feb 23 2022 17:59:11 UTC
04-Apr-2025 14:53:18.899 INFO [main] org.apache.catalina.startup.VersionLoggerListener.log Server version number: 8.5.76.0
04-Apr-2025 14:53:18.899 INFO [main] org.apache.catalina.startup.VersionLoggerListener.log OS Name:               Linux
04-Apr-2025 14:53:18.899 INFO [main] org.apache.catalina.startup.VersionLoggerListener.log OS Version:            4.18.0-348.7.1.el8_5.x86_64
04-Apr-2025 14:53:18.899 INFO [main] org.apache.catalina.startup.VersionLoggerListener.log Architecture:          amd64
04-Apr-2025 14:53:18.899 INFO [main] org.apache.catalina.startup.VersionLoggerListener.log Java Home:             /usr/lib/jvm/java-1.8.0-openjdk-1.8.0.312.b07-2.el8_5.x86_64/jre
04-Apr-2025 14:53:18.900 INFO [main] org.apache.catalina.startup.VersionLoggerListener.log JVM Version:           1.8.0_312-b07
04-Apr-2025 14:53:18.900 INFO [main] org.apache.catalina.startup.VersionLoggerListener.log JVM Vendor:            Red Hat, Inc.
04-Apr-2025 14:53:18.900 INFO [main] org.apache.catalina.startup.VersionLoggerListener.log CATALINA_BASE:         /exportspg/mca28/apache-tomcat-8.5.76
04-Apr-2025 14:53:18.900 INFO [main] org.apache.catalina.startup.VersionLoggerListener.log CATALINA_HOME:         /exportspg/mca28/apache-tomcat-8.5.76
04-Apr-2025 14:53:18.900 INFO [main] org.apache.catalina.startup.VersionLoggerListener.log Command line argument: -Djava.util.logging.config.file=/exportspg/mca28/apache-tomcat-8.5.76/conf/logging.properties
04-Apr-2025 14:53:18.900 INFO [main] org.apache.catalina.startup.VersionLoggerListener.log Command line argument: -Djava.util.logging.manager=org.apache.juli.ClassLoaderLogManager
04-Apr-2025 14:53:18.900 INFO [main] org.apache.catalina.startup.VersionLoggerListener.log Command line argument: -Djdk.tls.ephemeralDHKeySize=2048
04-Apr-2025 14:53:18.900 INFO [main] org.apache.catalina.startup.VersionLoggerListener.log Command line argument: -Djava.protocol.handler.pkgs=org.apache.catalina.webresources
04-Apr-2025 14:53:18.900 INFO [main] org.apache.catalina.startup.VersionLoggerListener.log Command line argument: -Dorg.apache.catalina.security.SecurityListener.UMASK=0027
04-Apr-2025 14:53:18.900 INFO [main] org.apache.catalina.startup.VersionLoggerListener.log Command line argument: -Dignore.endorsed.dirs=
04-Apr-2025 14:53:18.900 INFO [main] org.apache.catalina.startup.VersionLoggerListener.log Command line argument: -Dcatalina.base=/exportspg/mca28/apache-tomcat-8.5.76
04-Apr-2025 14:53:18.900 INFO [main] org.apache.catalina.startup.VersionLoggerListener.log Command line argument: -Dcatalina.home=/exportspg/mca28/apache-tomcat-8.5.76
04-Apr-2025 14:53:18.900 INFO [main] org.apache.catalina.startup.VersionLoggerListener.log Command line argument: -Djava.io.tmpdir=/exportspg/mca28/apache-tomcat-8.5.76/temp
04-Apr-2025 14:53:18.900 INFO [main] org.apache.catalina.core.AprLifecycleListener.lifecycleEvent The Apache Tomcat Native library which allows using OpenSSL was not found on the java.library.path: [/usr/java/packages/lib/amd64:/usr/lib64:/lib64:/lib:/usr/lib]
04-Apr-2025 14:53:18.998 INFO [main] org.apache.coyote.AbstractProtocol.init Initializing ProtocolHandler ["http-nio-8080"]
04-Apr-2025 14:53:19.010 INFO [main] org.apache.catalina.startup.Catalina.load Initialization processed in 548 ms
04-Apr-2025 14:53:19.028 INFO [main] org.apache.catalina.core.StandardService.startInternal Starting service [Catalina]
04-Apr-2025 14:53:19.028 INFO [main] org.apache.catalina.core.StandardEngine.startInternal Starting Servlet engine: [Apache Tomcat/8.5.76]
04-Apr-2025 14:53:19.040 INFO [localhost-startStop-1] org.apache.catalina.startup.HostConfig.deployDirectory Deploying web application directory [/exportspg/mca28/apache-tomcat-8.5.76/webapps/examples]
04-Apr-2025 14:53:19.536 INFO [localhost-startStop-1] org.apache.jasper.servlet.TldScanner.scanJars At least one JAR was scanned for TLDs yet contained no TLDs. Enable debug logging for this logger for a complete list of JARs that were scanned but no TLDs were found in them. Skipping unneeded JARs during scanning can improve startup time and JSP compilation time.
04-Apr-2025 14:53:19.594 INFO [localhost-startStop-1] org.apache.catalina.startup.HostConfig.deployDirectory Deployment of web application directory [/exportspg/mca28/apache-tomcat-8.5.76/webapps/examples] has finished in [553] ms
04-Apr-2025 14:53:19.594 INFO [localhost-startStop-1] org.apache.catalina.startup.HostConfig.deployDirectory Deploying web application directory [/exportspg/mca28/apache-tomcat-8.5.76/webapps/host-manager]
04-Apr-2025 14:53:19.693 INFO [localhost-startStop-1] org.apache.jasper.servlet.TldScanner.scanJars At least one JAR was scanned for TLDs yet contained no TLDs. Enable debug logging for this logger for a complete list of JARs that were scanned but no TLDs were found in them. Skipping unneeded JARs during scanning can improve startup time and JSP compilation time.
04-Apr-2025 14:53:19.695 INFO [localhost-startStop-1] org.apache.catalina.startup.HostConfig.deployDirectory Deployment of web application directory [/exportspg/mca28/apache-tomcat-8.5.76/webapps/host-manager] has finished in [101] ms
04-Apr-2025 14:53:19.695 INFO [localhost-startStop-1] org.apache.catalina.startup.HostConfig.deployDirectory Deploying web application directory [/exportspg/mca28/apache-tomcat-8.5.76/webapps/ROOT]
04-Apr-2025 14:53:19.779 INFO [localhost-startStop-1] org.apache.jasper.servlet.TldScanner.scanJars At least one JAR was scanned for TLDs yet contained no TLDs. Enable debug logging for this logger for a complete list of JARs that were scanned but no TLDs were found in them. Skipping unneeded JARs during scanning can improve startup time and JSP compilation time.
04-Apr-2025 14:53:19.781 INFO [localhost-startStop-1] org.apache.catalina.startup.HostConfig.deployDirectory Deployment of web application directory [/exportspg/mca28/apache-tomcat-8.5.76/webapps/ROOT] has finished in [86] ms
04-Apr-2025 14:53:19.781 INFO [localhost-startStop-1] org.apache.catalina.startup.HostConfig.deployDirectory Deploying web application directory [/exportspg/mca28/apache-tomcat-8.5.76/webapps/docs]
04-Apr-2025 14:53:19.871 INFO [localhost-startStop-1] org.apache.jasper.servlet.TldScanner.scanJars At least one JAR was scanned for TLDs yet contained no TLDs. Enable debug logging for this logger for a complete list of JARs that were scanned but no TLDs were found in them. Skipping unneeded JARs during scanning can improve startup time and JSP compilation time.
04-Apr-2025 14:53:19.873 INFO [localhost-startStop-1] org.apache.catalina.startup.HostConfig.deployDirectory Deployment of web application directory [/exportspg/mca28/apache-tomcat-8.5.76/webapps/docs] has finished in [92] ms
04-Apr-2025 14:53:19.873 INFO [localhost-startStop-1] org.apache.catalina.startup.HostConfig.deployDirectory Deploying web application directory [/exportspg/mca28/apache-tomcat-8.5.76/webapps/manager]
04-Apr-2025 14:53:19.960 INFO [localhost-startStop-1] org.apache.jasper.servlet.TldScanner.scanJars At least one JAR was scanned for TLDs yet contained no TLDs. Enable debug logging for this logger for a complete list of JARs that were scanned but no TLDs were found in them. Skipping unneeded JARs during scanning can improve startup time and JSP compilation time.
04-Apr-2025 14:53:19.962 INFO [localhost-startStop-1] org.apache.catalina.startup.HostConfig.deployDirectory Deployment of web application directory [/exportspg/mca28/apache-tomcat-8.5.76/webapps/manager] has finished in [89] ms
04-Apr-2025 14:53:19.964 INFO [main] org.apache.coyote.AbstractProtocol.start Starting ProtocolHandler ["http-nio-8080"]
04-Apr-2025 14:53:19.970 INFO [main] org.apache.catalina.startup.Catalina.start Server startup in 960 ms
