04-Apr-2025 12:46:30.655 INFO [localhost-startStop-1] org.apache.catalina.core.ApplicationContext.log ContextListener: contextInitialized()
04-Apr-2025 12:46:30.655 INFO [localhost-startStop-1] org.apache.catalina.core.ApplicationContext.log SessionListener: contextInitialized()
04-Apr-2025 12:46:30.655 INFO [localhost-startStop-1] org.apache.catalina.core.ApplicationContext.log ContextListener: attributeAdded('StockTicker', 'async.Stockticker@58dde0dc')
04-Apr-2025 12:51:13.916 INFO [localhost-startStop-1] org.apache.catalina.core.ApplicationContext.log ContextListener: contextInitialized()
04-Apr-2025 12:51:13.916 INFO [localhost-startStop-1] org.apache.catalina.core.ApplicationContext.log SessionListener: contextInitialized()
04-Apr-2025 12:51:13.916 INFO [localhost-startStop-1] org.apache.catalina.core.ApplicationContext.log ContextListener: attributeAdded('StockTicker', 'async.Stockticker@5dd05109')
04-Apr-2025 12:51:13.977 INFO [localhost-startStop-1] org.apache.catalina.core.ApplicationContext.log SessionListener: contextDestroyed()
04-Apr-2025 12:51:13.977 INFO [localhost-startStop-1] org.apache.catalina.core.ApplicationContext.log ContextListener: contextDestroyed()
04-Apr-2025 12:51:23.093 INFO [localhost-startStop-2] org.apache.catalina.core.ApplicationContext.log SessionListener: contextDestroyed()
04-Apr-2025 12:51:23.093 INFO [localhost-startStop-2] org.apache.catalina.core.ApplicationContext.log ContextListener: contextDestroyed()
04-Apr-2025 12:51:25.571 INFO [localhost-startStop-1] org.apache.catalina.core.ApplicationContext.log ContextListener: contextInitialized()
04-Apr-2025 12:51:25.571 INFO [localhost-startStop-1] org.apache.catalina.core.ApplicationContext.log SessionListener: contextInitialized()
04-Apr-2025 12:51:25.571 INFO [localhost-startStop-1] org.apache.catalina.core.ApplicationContext.log ContextListener: attributeAdded('StockTicker', 'async.Stockticker@58dde0dc')
04-Apr-2025 14:19:18.678 INFO [localhost-startStop-1] org.apache.catalina.core.ApplicationContext.log ContextListener: contextInitialized()
04-Apr-2025 14:19:18.678 INFO [localhost-startStop-1] org.apache.catalina.core.ApplicationContext.log SessionListener: contextInitialized()
04-Apr-2025 14:19:18.680 INFO [localhost-startStop-1] org.apache.catalina.core.ApplicationContext.log ContextListener: attributeAdded('StockTicker', 'async.Stockticker@58dde0dc')
04-Apr-2025 14:53:19.569 INFO [localhost-startStop-1] org.apache.catalina.core.ApplicationContext.log ContextListener: contextInitialized()
04-Apr-2025 14:53:19.569 INFO [localhost-startStop-1] org.apache.catalina.core.ApplicationContext.log SessionListener: contextInitialized()
04-Apr-2025 14:53:19.569 INFO [localhost-startStop-1] org.apache.catalina.core.ApplicationContext.log ContextListener: attributeAdded('StockTicker', 'async.Stockticker@2a6fa2fd')
04-Apr-2025 14:57:32.072 SEVERE [http-nio-8080-exec-5] org.apache.catalina.core.StandardWrapperValve.invoke Servlet.service() for servlet [jsp] in context with path [] threw exception [Unable to compile class for JSP: 

An error occurred at line: [1] in the jsp file: [/a3.jsp]
Syntax error on token ";", Expression expected after this token
1: <%@ page import="java.sql.*" %> <% // Database connection variables String dbUrl
2: = "jdbc:mysql://localhost:3306/RAJESH28"; String dbUser = "mca28"; String dbPass
3: = ""; // Initialize variables String firstName = ""; String message = ""; //
4: Check if form was submitted if ("get".equalsIgnoreCase(request.getMethod())) {


An error occurred at line: [4] in the jsp file: [/a3.jsp]
Syntax error on token "if", . expected
1: <%@ page import="java.sql.*" %> <% // Database connection variables String dbUrl
2: = "jdbc:mysql://localhost:3306/RAJESH28"; String dbUser = "mca28"; String dbPass
3: = ""; // Initialize variables String firstName = ""; String message = ""; //
4: Check if form was submitted if ("get".equalsIgnoreCase(request.getMethod())) {
5: // Get form parameters firstName = request.getParameter("firstname"); String
6: lastName = request.getParameter("lastname"); String username =
7: request.getParameter("username"); String password =


An error occurred at line: [4] in the jsp file: [/a3.jsp]
Syntax error on token "submitted", ; expected
1: <%@ page import="java.sql.*" %> <% // Database connection variables String dbUrl
2: = "jdbc:mysql://localhost:3306/RAJESH28"; String dbUser = "mca28"; String dbPass
3: = ""; // Initialize variables String firstName = ""; String message = ""; //
4: Check if form was submitted if ("get".equalsIgnoreCase(request.getMethod())) {
5: // Get form parameters firstName = request.getParameter("firstname"); String
6: lastName = request.getParameter("lastname"); String username =
7: request.getParameter("username"); String password =


An error occurred at line: [4] in the jsp file: [/a3.jsp]
Syntax error on token(s), misplaced construct(s)
1: <%@ page import="java.sql.*" %> <% // Database connection variables String dbUrl
2: = "jdbc:mysql://localhost:3306/RAJESH28"; String dbUser = "mca28"; String dbPass
3: = ""; // Initialize variables String firstName = ""; String message = ""; //
4: Check if form was submitted if ("get".equalsIgnoreCase(request.getMethod())) {
5: // Get form parameters firstName = request.getParameter("firstname"); String
6: lastName = request.getParameter("lastname"); String username =
7: request.getParameter("username"); String password =


An error occurred at line: [14] in the jsp file: [/a3.jsp]
String literal is not properly closed by a double-quote
11: PreparedStatement pstmt = null; try { // Load JDBC driver
12: Class.forName("com.mysql.cj.jdbc.Driver"); // Create connection conn =
13: DriverManager.getConnection(dbUrl, dbUser, dbPass); // Prepare SQL statement
14: String sql = "INSERT INTO users (firstname, lastname, username, password,
15: address, contact) VALUES (?, ?, ?, ?, ?, ?)"; pstmt =
16: conn.prepareStatement(sql); pstmt.setString(1, firstName); pstmt.setString(2,
17: lastName); pstmt.setString(3, username); pstmt.setString(4, password);


An error occurred at line: [14] in the jsp file: [/a3.jsp]
Syntax error on token ")", ; expected
11: PreparedStatement pstmt = null; try { // Load JDBC driver
12: Class.forName("com.mysql.cj.jdbc.Driver"); // Create connection conn =
13: DriverManager.getConnection(dbUrl, dbUser, dbPass); // Prepare SQL statement
14: String sql = "INSERT INTO users (firstname, lastname, username, password,
15: address, contact) VALUES (?, ?, ?, ?, ?, ?)"; pstmt =
16: conn.prepareStatement(sql); pstmt.setString(1, firstName); pstmt.setString(2,
17: lastName); pstmt.setString(3, username); pstmt.setString(4, password);


An error occurred at line: [14] in the jsp file: [/a3.jsp]
Syntax error on token "(", < expected
11: PreparedStatement pstmt = null; try { // Load JDBC driver
12: Class.forName("com.mysql.cj.jdbc.Driver"); // Create connection conn =
13: DriverManager.getConnection(dbUrl, dbUser, dbPass); // Prepare SQL statement
14: String sql = "INSERT INTO users (firstname, lastname, username, password,
15: address, contact) VALUES (?, ?, ?, ?, ?, ?)"; pstmt =
16: conn.prepareStatement(sql); pstmt.setString(1, firstName); pstmt.setString(2,
17: lastName); pstmt.setString(3, username); pstmt.setString(4, password);


An error occurred at line: [19] in the jsp file: [/a3.jsp]
Syntax error, insert ";" to complete BlockStatements
16: conn.prepareStatement(sql); pstmt.setString(1, firstName); pstmt.setString(2,
17: lastName); pstmt.setString(3, username); pstmt.setString(4, password);
18: pstmt.setString(5, address); pstmt.setString(6, contact); // Execute insert int
19: rows = pstmt.executeUpdate(); if (rows > 0) { message = "Welcome " + firstName;
20: } } catch (Exception e) { message = "Error: " + e.getMessage(); } finally { //
21: Close resources if (pstmt != null) pstmt.close(); if (conn != null)
22: conn.close(); } } %>


An error occurred at line: [20] in the jsp file: [/a3.jsp]
Syntax error on token "}", delete this token
17: lastName); pstmt.setString(3, username); pstmt.setString(4, password);
18: pstmt.setString(5, address); pstmt.setString(6, contact); // Execute insert int
19: rows = pstmt.executeUpdate(); if (rows > 0) { message = "Welcome " + firstName;
20: } } catch (Exception e) { message = "Error: " + e.getMessage(); } finally { //
21: Close resources if (pstmt != null) pstmt.close(); if (conn != null)
22: conn.close(); } } %>
23: <!DOCTYPE html>


An error occurred at line: [97] in the jsp file: [/a3.jsp]
Syntax error on tokens, delete these tokens
94: 
95:       <% if (!message.isEmpty()) { %>
96:       <div class="message"><%= message %></div>
97:       <% } %>
98:     </div>
99:   </body>
100: </html>


An error occurred at line: [97] in the jsp file: [/a3.jsp]
Syntax error on token(s), misplaced construct(s)
94: 
95:       <% if (!message.isEmpty()) { %>
96:       <div class="message"><%= message %></div>
97:       <% } %>
98:     </div>
99:   </body>
100: </html>


An error occurred at line: [97] in the jsp file: [/a3.jsp]
Syntax error, insert "AssignmentOperator Expression" to complete Assignment
94: 
95:       <% if (!message.isEmpty()) { %>
96:       <div class="message"><%= message %></div>
97:       <% } %>
98:     </div>
99:   </body>
100: </html>


An error occurred at line: [97] in the jsp file: [/a3.jsp]
Syntax error, insert ";" to complete Statement
94: 
95:       <% if (!message.isEmpty()) { %>
96:       <div class="message"><%= message %></div>
97:       <% } %>
98:     </div>
99:   </body>
100: </html>


An error occurred at line: [231] in the generated java file: [/exportspg/mca28/apache-tomcat-8.5.76/work/Catalina/localhost/ROOT/org/apache/jsp/a3_jsp.java]
Syntax error on token "finally", delete this token

Stacktrace:] with root cause
	org.apache.jasper.JasperException: Unable to compile class for JSP: 

An error occurred at line: [1] in the jsp file: [/a3.jsp]
Syntax error on token ";", Expression expected after this token
1: <%@ page import="java.sql.*" %> <% // Database connection variables String dbUrl
2: = "jdbc:mysql://localhost:3306/RAJESH28"; String dbUser = "mca28"; String dbPass
3: = ""; // Initialize variables String firstName = ""; String message = ""; //
4: Check if form was submitted if ("get".equalsIgnoreCase(request.getMethod())) {


An error occurred at line: [4] in the jsp file: [/a3.jsp]
Syntax error on token "if", . expected
1: <%@ page import="java.sql.*" %> <% // Database connection variables String dbUrl
2: = "jdbc:mysql://localhost:3306/RAJESH28"; String dbUser = "mca28"; String dbPass
3: = ""; // Initialize variables String firstName = ""; String message = ""; //
4: Check if form was submitted if ("get".equalsIgnoreCase(request.getMethod())) {
5: // Get form parameters firstName = request.getParameter("firstname"); String
6: lastName = request.getParameter("lastname"); String username =
7: request.getParameter("username"); String password =


An error occurred at line: [4] in the jsp file: [/a3.jsp]
Syntax error on token "submitted", ; expected
1: <%@ page import="java.sql.*" %> <% // Database connection variables String dbUrl
2: = "jdbc:mysql://localhost:3306/RAJESH28"; String dbUser = "mca28"; String dbPass
3: = ""; // Initialize variables String firstName = ""; String message = ""; //
4: Check if form was submitted if ("get".equalsIgnoreCase(request.getMethod())) {
5: // Get form parameters firstName = request.getParameter("firstname"); String
6: lastName = request.getParameter("lastname"); String username =
7: request.getParameter("username"); String password =


An error occurred at line: [4] in the jsp file: [/a3.jsp]
Syntax error on token(s), misplaced construct(s)
1: <%@ page import="java.sql.*" %> <% // Database connection variables String dbUrl
2: = "jdbc:mysql://localhost:3306/RAJESH28"; String dbUser = "mca28"; String dbPass
3: = ""; // Initialize variables String firstName = ""; String message = ""; //
4: Check if form was submitted if ("get".equalsIgnoreCase(request.getMethod())) {
5: // Get form parameters firstName = request.getParameter("firstname"); String
6: lastName = request.getParameter("lastname"); String username =
7: request.getParameter("username"); String password =


An error occurred at line: [14] in the jsp file: [/a3.jsp]
String literal is not properly closed by a double-quote
11: PreparedStatement pstmt = null; try { // Load JDBC driver
12: Class.forName("com.mysql.cj.jdbc.Driver"); // Create connection conn =
13: DriverManager.getConnection(dbUrl, dbUser, dbPass); // Prepare SQL statement
14: String sql = "INSERT INTO users (firstname, lastname, username, password,
15: address, contact) VALUES (?, ?, ?, ?, ?, ?)"; pstmt =
16: conn.prepareStatement(sql); pstmt.setString(1, firstName); pstmt.setString(2,
17: lastName); pstmt.setString(3, username); pstmt.setString(4, password);


An error occurred at line: [14] in the jsp file: [/a3.jsp]
Syntax error on token ")", ; expected
11: PreparedStatement pstmt = null; try { // Load JDBC driver
12: Class.forName("com.mysql.cj.jdbc.Driver"); // Create connection conn =
13: DriverManager.getConnection(dbUrl, dbUser, dbPass); // Prepare SQL statement
14: String sql = "INSERT INTO users (firstname, lastname, username, password,
15: address, contact) VALUES (?, ?, ?, ?, ?, ?)"; pstmt =
16: conn.prepareStatement(sql); pstmt.setString(1, firstName); pstmt.setString(2,
17: lastName); pstmt.setString(3, username); pstmt.setString(4, password);


An error occurred at line: [14] in the jsp file: [/a3.jsp]
Syntax error on token "(", < expected
11: PreparedStatement pstmt = null; try { // Load JDBC driver
12: Class.forName("com.mysql.cj.jdbc.Driver"); // Create connection conn =
13: DriverManager.getConnection(dbUrl, dbUser, dbPass); // Prepare SQL statement
14: String sql = "INSERT INTO users (firstname, lastname, username, password,
15: address, contact) VALUES (?, ?, ?, ?, ?, ?)"; pstmt =
16: conn.prepareStatement(sql); pstmt.setString(1, firstName); pstmt.setString(2,
17: lastName); pstmt.setString(3, username); pstmt.setString(4, password);


An error occurred at line: [19] in the jsp file: [/a3.jsp]
Syntax error, insert ";" to complete BlockStatements
16: conn.prepareStatement(sql); pstmt.setString(1, firstName); pstmt.setString(2,
17: lastName); pstmt.setString(3, username); pstmt.setString(4, password);
18: pstmt.setString(5, address); pstmt.setString(6, contact); // Execute insert int
19: rows = pstmt.executeUpdate(); if (rows > 0) { message = "Welcome " + firstName;
20: } } catch (Exception e) { message = "Error: " + e.getMessage(); } finally { //
21: Close resources if (pstmt != null) pstmt.close(); if (conn != null)
22: conn.close(); } } %>


An error occurred at line: [20] in the jsp file: [/a3.jsp]
Syntax error on token "}", delete this token
17: lastName); pstmt.setString(3, username); pstmt.setString(4, password);
18: pstmt.setString(5, address); pstmt.setString(6, contact); // Execute insert int
19: rows = pstmt.executeUpdate(); if (rows > 0) { message = "Welcome " + firstName;
20: } } catch (Exception e) { message = "Error: " + e.getMessage(); } finally { //
21: Close resources if (pstmt != null) pstmt.close(); if (conn != null)
22: conn.close(); } } %>
23: <!DOCTYPE html>


An error occurred at line: [97] in the jsp file: [/a3.jsp]
Syntax error on tokens, delete these tokens
94: 
95:       <% if (!message.isEmpty()) { %>
96:       <div class="message"><%= message %></div>
97:       <% } %>
98:     </div>
99:   </body>
100: </html>


An error occurred at line: [97] in the jsp file: [/a3.jsp]
Syntax error on token(s), misplaced construct(s)
94: 
95:       <% if (!message.isEmpty()) { %>
96:       <div class="message"><%= message %></div>
97:       <% } %>
98:     </div>
99:   </body>
100: </html>


An error occurred at line: [97] in the jsp file: [/a3.jsp]
Syntax error, insert "AssignmentOperator Expression" to complete Assignment
94: 
95:       <% if (!message.isEmpty()) { %>
96:       <div class="message"><%= message %></div>
97:       <% } %>
98:     </div>
99:   </body>
100: </html>


An error occurred at line: [97] in the jsp file: [/a3.jsp]
Syntax error, insert ";" to complete Statement
94: 
95:       <% if (!message.isEmpty()) { %>
96:       <div class="message"><%= message %></div>
97:       <% } %>
98:     </div>
99:   </body>
100: </html>


An error occurred at line: [231] in the generated java file: [/exportspg/mca28/apache-tomcat-8.5.76/work/Catalina/localhost/ROOT/org/apache/jsp/a3_jsp.java]
Syntax error on token "finally", delete this token

Stacktrace:
		at org.apache.jasper.compiler.DefaultErrorHandler.javacError(DefaultErrorHandler.java:102)
		at org.apache.jasper.compiler.ErrorDispatcher.javacError(ErrorDispatcher.java:213)
		at org.apache.jasper.compiler.JDTCompiler.generateClass(JDTCompiler.java:569)
		at org.apache.jasper.compiler.Compiler.compile(Compiler.java:380)
		at org.apache.jasper.compiler.Compiler.compile(Compiler.java:350)
		at org.apache.jasper.compiler.Compiler.compile(Compiler.java:334)
		at org.apache.jasper.JspCompilationContext.compile(JspCompilationContext.java:597)
		at org.apache.jasper.servlet.JspServletWrapper.service(JspServletWrapper.java:398)
		at org.apache.jasper.servlet.JspServlet.serviceJspFile(JspServlet.java:383)
		at org.apache.jasper.servlet.JspServlet.service(JspServlet.java:331)
		at javax.servlet.http.HttpServlet.service(HttpServlet.java:764)
		at org.apache.catalina.core.ApplicationFilterChain.internalDoFilter(ApplicationFilterChain.java:231)
		at org.apache.catalina.core.ApplicationFilterChain.doFilter(ApplicationFilterChain.java:166)
		at org.apache.tomcat.websocket.server.WsFilter.doFilter(WsFilter.java:52)
		at org.apache.catalina.core.ApplicationFilterChain.internalDoFilter(ApplicationFilterChain.java:193)
		at org.apache.catalina.core.ApplicationFilterChain.doFilter(ApplicationFilterChain.java:166)
		at org.apache.catalina.core.StandardWrapperValve.invoke(StandardWrapperValve.java:197)
		at org.apache.catalina.core.StandardContextValve.invoke(StandardContextValve.java:97)
		at org.apache.catalina.authenticator.AuthenticatorBase.invoke(AuthenticatorBase.java:543)
		at org.apache.catalina.core.StandardHostValve.invoke(StandardHostValve.java:135)
		at org.apache.catalina.valves.ErrorReportValve.invoke(ErrorReportValve.java:81)
		at org.apache.catalina.valves.AbstractAccessLogValve.invoke(AbstractAccessLogValve.java:698)
		at org.apache.catalina.core.StandardEngineValve.invoke(StandardEngineValve.java:78)
		at org.apache.catalina.connector.CoyoteAdapter.service(CoyoteAdapter.java:366)
		at org.apache.coyote.http11.Http11Processor.service(Http11Processor.java:639)
		at org.apache.coyote.AbstractProcessorLight.process(AbstractProcessorLight.java:65)
		at org.apache.coyote.AbstractProtocol$ConnectionHandler.process(AbstractProtocol.java:881)
		at org.apache.tomcat.util.net.NioEndpoint$SocketProcessor.doRun(NioEndpoint.java:1647)
		at org.apache.tomcat.util.net.SocketProcessorBase.run(SocketProcessorBase.java:49)
		at org.apache.tomcat.util.threads.ThreadPoolExecutor.runWorker(ThreadPoolExecutor.java:1191)
		at org.apache.tomcat.util.threads.ThreadPoolExecutor$Worker.run(ThreadPoolExecutor.java:659)
		at org.apache.tomcat.util.threads.TaskThread$WrappingRunnable.run(TaskThread.java:61)
		at java.lang.Thread.run(Thread.java:748)
